<?xml version="1.0" encoding="UTF-8"?>
<!-- Generated by org.testng.reporters.JUnitXMLReporter -->
<testsuite ignored="1" hostname="Atul" failures="1" tests="1" name="Test(failed)" time="5.343" errors="0" timestamp="2022-06-21T22:35:17 IST">
  <testcase classname="rao.ttest" name="backtest" time="0.157">
    <failure type="java.lang.AssertionError" message="expected [true] but found [false]">
      <![CDATA[java.lang.AssertionError: expected [true] but found [false]
at rao.ttest.backtest(ttest.java:36)
at java.base/java.util.ArrayList.forEach(ArrayList.java:1511)
... Removed 31 stack frames]]>
    </failure>
  </testcase> <!-- backtest -->
  <testcase classname="rao.ttest" name="logintest" time="0.0">
    <ignored/>
  </testcase> <!-- logintest -->
</testsuite> <!-- Test(failed) -->
