<?xml version="1.0" encoding="UTF-8"?>
<testng-results ignored="1" total="2" passed="1" failed="0" skipped="0">
  <reporter-output>
  </reporter-output>
  <suite started-at="2022-06-20T13:55:44 IST" name="Suite" finished-at="2022-06-20T13:55:51 IST" duration-ms="6781">
    <groups>
    </groups>
    <test started-at="2022-06-20T13:55:44 IST" name="Test" finished-at="2022-06-20T13:55:51 IST" duration-ms="6781">
      <class name="rao.ttest">
        <test-method is-config="true" signature="setup()[pri:0, instance:rao.ttest@64cd705f]" started-at="2022-06-20T13:55:44 IST" name="setup" finished-at="2022-06-20T13:55:48 IST" duration-ms="4694" status="PASS">
          <reporter-output>
          </reporter-output>
        </test-method> <!-- setup -->
        <test-method signature="logintest()[pri:0, instance:rao.ttest@64cd705f]" started-at="2022-06-20T13:55:48 IST" name="logintest" finished-at="2022-06-20T13:55:51 IST" duration-ms="2033" status="PASS">
          <reporter-output>
          </reporter-output>
        </test-method> <!-- logintest -->
      </class> <!-- rao.ttest -->
    </test> <!-- Test -->
  </suite> <!-- Suite -->
</testng-results>
