<?xml version="1.0" encoding="UTF-8"?>
<testng-results ignored="0" total="1" passed="1" failed="0" skipped="0">
  <reporter-output>
  </reporter-output>
  <suite started-at="2022-06-19T22:00:16 IST" name="Default suite" finished-at="2022-06-19T22:00:24 IST" duration-ms="8202">
    <groups>
    </groups>
    <test started-at="2022-06-19T22:00:16 IST" name="Default test" finished-at="2022-06-19T22:00:24 IST" duration-ms="8202">
      <class name="rao.ttest">
        <test-method is-config="true" signature="setup()[pri:0, instance:rao.ttest@2667f029]" started-at="2022-06-19T22:00:16 IST" name="setup" finished-at="2022-06-19T22:00:22 IST" duration-ms="5862" status="PASS">
          <reporter-output>
          </reporter-output>
        </test-method> <!-- setup -->
        <test-method signature="logintest()[pri:0, instance:rao.ttest@2667f029]" started-at="2022-06-19T22:00:22 IST" name="logintest" finished-at="2022-06-19T22:00:24 IST" duration-ms="2283" status="PASS">
          <reporter-output>
          </reporter-output>
        </test-method> <!-- logintest -->
      </class> <!-- rao.ttest -->
    </test> <!-- Default test -->
  </suite> <!-- Default suite -->
</testng-results>
